2020-05-28 00:04:26.875  INFO 14604 --- [http-nio-8080-exec-7] com.kinl.tmall.aspect.LogAspect          : Request : RequestLog{url='http://localhost:8080/home', ip='0:0:0:0:0:0:0:1', classMethod='com.kinl.tmall.controller.web.UserJumpController.home', args=[]}
2020-05-28 00:04:26.880  INFO 14604 --- [http-nio-8080-exec-7] com.kinl.tmall.aspect.LogAspect          : result : fore/home
2020-05-28 00:20:42.423  INFO 14604 --- [http-nio-8080-exec-1] com.kinl.tmall.aspect.LogAspect          : Request : RequestLog{url='http://localhost:8080/home', ip='0:0:0:0:0:0:0:1', classMethod='com.kinl.tmall.controller.web.UserJumpController.home', args=[]}
2020-05-28 00:20:42.424  INFO 14604 --- [http-nio-8080-exec-1] com.kinl.tmall.aspect.LogAspect          : result : fore/home
2020-05-28 00:20:42.706  INFO 14604 --- [http-nio-8080-exec-6] com.kinl.tmall.aspect.LogAspect          : Request : RequestLog{url='http://localhost:8080/web/forehome', ip='0:0:0:0:0:0:0:1', classMethod='com.kinl.tmall.controller.web.IndexController.index', args=[]}
2020-05-28 00:20:54.322  INFO 14604 --- [http-nio-8080-exec-6] com.zaxxer.hikari.HikariDataSource       : HikariPool-1 - Starting...
2020-05-28 00:20:54.954  INFO 14604 --- [http-nio-8080-exec-6] com.zaxxer.hikari.HikariDataSource       : HikariPool-1 - Start completed.
2020-05-28 00:20:54.970 DEBUG 14604 --- [http-nio-8080-exec-6] c.k.tmall.dao.CategoryMapper.finAllVO    : ==>  Preparing: select * from category 
2020-05-28 00:20:55.012 DEBUG 14604 --- [http-nio-8080-exec-6] c.k.tmall.dao.CategoryMapper.finAllVO    : ==> Parameters: 
2020-05-28 00:20:55.041 DEBUG 14604 --- [http-nio-8080-exec-6] c.k.tmall.dao.CategoryMapper.finAllVO    : <==      Total: 18
2020-05-28 00:20:55.056 DEBUG 14604 --- [http-nio-8080-exec-6] c.k.t.dao.ProductMapper.findByCidFive    : ==>  Preparing: select * from Product where cid = ? limit 5 
2020-05-28 00:20:55.056 DEBUG 14604 --- [http-nio-8080-exec-6] c.k.t.dao.ProductMapper.findByCidFive    : ==> Parameters: 60(Integer)
2020-05-28 00:20:55.090 DEBUG 14604 --- [http-nio-8080-exec-6] c.k.t.dao.ProductMapper.findByCidFive    : <==      Total: 5
2020-05-28 00:20:55.091 DEBUG 14604 --- [http-nio-8080-exec-6] c.k.t.dao.ProductMapper.findByCidFive    : ==>  Preparing: select * from Product where cid = ? limit 5 
2020-05-28 00:20:55.091 DEBUG 14604 --- [http-nio-8080-exec-6] c.k.t.dao.ProductMapper.findByCidFive    : ==> Parameters: 64(Integer)
2020-05-28 00:20:55.091 DEBUG 14604 --- [http-nio-8080-exec-6] c.k.t.dao.ProductMapper.findByCidFive    : <==      Total: 5
2020-05-28 00:20:55.091 DEBUG 14604 --- [http-nio-8080-exec-6] c.k.t.dao.ProductMapper.findByCidFive    : ==>  Preparing: select * from Product where cid = ? limit 5 
2020-05-28 00:20:55.091 DEBUG 14604 --- [http-nio-8080-exec-6] c.k.t.dao.ProductMapper.findByCidFive    : ==> Parameters: 68(Integer)
2020-05-28 00:20:55.091 DEBUG 14604 --- [http-nio-8080-exec-6] c.k.t.dao.ProductMapper.findByCidFive    : <==      Total: 5
2020-05-28 00:20:55.091 DEBUG 14604 --- [http-nio-8080-exec-6] c.k.t.dao.ProductMapper.findByCidFive    : ==>  Preparing: select * from Product where cid = ? limit 5 
2020-05-28 00:20:55.091 DEBUG 14604 --- [http-nio-8080-exec-6] c.k.t.dao.ProductMapper.findByCidFive    : ==> Parameters: 69(Integer)
2020-05-28 00:20:55.107 DEBUG 14604 --- [http-nio-8080-exec-6] c.k.t.dao.ProductMapper.findByCidFive    : <==      Total: 5
2020-05-28 00:20:55.107 DEBUG 14604 --- [http-nio-8080-exec-6] c.k.t.dao.ProductMapper.findByCidFive    : ==>  Preparing: select * from Product where cid = ? limit 5 
2020-05-28 00:20:55.107 DEBUG 14604 --- [http-nio-8080-exec-6] c.k.t.dao.ProductMapper.findByCidFive    : ==> Parameters: 71(Integer)
2020-05-28 00:20:55.107 DEBUG 14604 --- [http-nio-8080-exec-6] c.k.t.dao.ProductMapper.findByCidFive    : <==      Total: 5
2020-05-28 00:20:55.107 DEBUG 14604 --- [http-nio-8080-exec-6] c.k.t.dao.ProductMapper.findByCidFive    : ==>  Preparing: select * from Product where cid = ? limit 5 
2020-05-28 00:20:55.107 DEBUG 14604 --- [http-nio-8080-exec-6] c.k.t.dao.ProductMapper.findByCidFive    : ==> Parameters: 72(Integer)
2020-05-28 00:20:55.125 DEBUG 14604 --- [http-nio-8080-exec-6] c.k.t.dao.ProductMapper.findByCidFive    : <==      Total: 5
2020-05-28 00:20:55.125 DEBUG 14604 --- [http-nio-8080-exec-6] c.k.t.dao.ProductMapper.findByCidFive    : ==>  Preparing: select * from Product where cid = ? limit 5 
2020-05-28 00:20:55.126 DEBUG 14604 --- [http-nio-8080-exec-6] c.k.t.dao.ProductMapper.findByCidFive    : ==> Parameters: 73(Integer)
2020-05-28 00:20:55.130 DEBUG 14604 --- [http-nio-8080-exec-6] c.k.t.dao.ProductMapper.findByCidFive    : <==      Total: 5
2020-05-28 00:20:55.130 DEBUG 14604 --- [http-nio-8080-exec-6] c.k.t.dao.ProductMapper.findByCidFive    : ==>  Preparing: select * from Product where cid = ? limit 5 
2020-05-28 00:20:55.131 DEBUG 14604 --- [http-nio-8080-exec-6] c.k.t.dao.ProductMapper.findByCidFive    : ==> Parameters: 74(Integer)
2020-05-28 00:20:55.133 DEBUG 14604 --- [http-nio-8080-exec-6] c.k.t.dao.ProductMapper.findByCidFive    : <==      Total: 5
2020-05-28 00:20:55.134 DEBUG 14604 --- [http-nio-8080-exec-6] c.k.t.dao.ProductMapper.findByCidFive    : ==>  Preparing: select * from Product where cid = ? limit 5 
2020-05-28 00:20:55.134 DEBUG 14604 --- [http-nio-8080-exec-6] c.k.t.dao.ProductMapper.findByCidFive    : ==> Parameters: 75(Integer)
2020-05-28 00:20:55.140 DEBUG 14604 --- [http-nio-8080-exec-6] c.k.t.dao.ProductMapper.findByCidFive    : <==      Total: 5
2020-05-28 00:20:55.140 DEBUG 14604 --- [http-nio-8080-exec-6] c.k.t.dao.ProductMapper.findByCidFive    : ==>  Preparing: select * from Product where cid = ? limit 5 
2020-05-28 00:20:55.140 DEBUG 14604 --- [http-nio-8080-exec-6] c.k.t.dao.ProductMapper.findByCidFive    : ==> Parameters: 76(Integer)
2020-05-28 00:20:55.140 DEBUG 14604 --- [http-nio-8080-exec-6] c.k.t.dao.ProductMapper.findByCidFive    : <==      Total: 5
2020-05-28 00:20:55.140 DEBUG 14604 --- [http-nio-8080-exec-6] c.k.t.dao.ProductMapper.findByCidFive    : ==>  Preparing: select * from Product where cid = ? limit 5 
2020-05-28 00:20:55.140 DEBUG 14604 --- [http-nio-8080-exec-6] c.k.t.dao.ProductMapper.findByCidFive    : ==> Parameters: 77(Integer)
2020-05-28 00:20:55.159 DEBUG 14604 --- [http-nio-8080-exec-6] c.k.t.dao.ProductMapper.findByCidFive    : <==      Total: 5
2020-05-28 00:20:55.160 DEBUG 14604 --- [http-nio-8080-exec-6] c.k.t.dao.ProductMapper.findByCidFive    : ==>  Preparing: select * from Product where cid = ? limit 5 
2020-05-28 00:20:55.160 DEBUG 14604 --- [http-nio-8080-exec-6] c.k.t.dao.ProductMapper.findByCidFive    : ==> Parameters: 78(Integer)
2020-05-28 00:20:55.163 DEBUG 14604 --- [http-nio-8080-exec-6] c.k.t.dao.ProductMapper.findByCidFive    : <==      Total: 5
2020-05-28 00:20:55.163 DEBUG 14604 --- [http-nio-8080-exec-6] c.k.t.dao.ProductMapper.findByCidFive    : ==>  Preparing: select * from Product where cid = ? limit 5 
2020-05-28 00:20:55.163 DEBUG 14604 --- [http-nio-8080-exec-6] c.k.t.dao.ProductMapper.findByCidFive    : ==> Parameters: 79(Integer)
2020-05-28 00:20:55.166 DEBUG 14604 --- [http-nio-8080-exec-6] c.k.t.dao.ProductMapper.findByCidFive    : <==      Total: 5
2020-05-28 00:20:55.167 DEBUG 14604 --- [http-nio-8080-exec-6] c.k.t.dao.ProductMapper.findByCidFive    : ==>  Preparing: select * from Product where cid = ? limit 5 
2020-05-28 00:20:55.167 DEBUG 14604 --- [http-nio-8080-exec-6] c.k.t.dao.ProductMapper.findByCidFive    : ==> Parameters: 80(Integer)
2020-05-28 00:20:55.171 DEBUG 14604 --- [http-nio-8080-exec-6] c.k.t.dao.ProductMapper.findByCidFive    : <==      Total: 5
2020-05-28 00:20:55.172 DEBUG 14604 --- [http-nio-8080-exec-6] c.k.t.dao.ProductMapper.findByCidFive    : ==>  Preparing: select * from Product where cid = ? limit 5 
2020-05-28 00:20:55.173 DEBUG 14604 --- [http-nio-8080-exec-6] c.k.t.dao.ProductMapper.findByCidFive    : ==> Parameters: 81(Integer)
2020-05-28 00:20:55.187 DEBUG 14604 --- [http-nio-8080-exec-6] c.k.t.dao.ProductMapper.findByCidFive    : <==      Total: 5
2020-05-28 00:20:55.189 DEBUG 14604 --- [http-nio-8080-exec-6] c.k.t.dao.ProductMapper.findByCidFive    : ==>  Preparing: select * from Product where cid = ? limit 5 
2020-05-28 00:20:55.189 DEBUG 14604 --- [http-nio-8080-exec-6] c.k.t.dao.ProductMapper.findByCidFive    : ==> Parameters: 82(Integer)
2020-05-28 00:20:55.193 DEBUG 14604 --- [http-nio-8080-exec-6] c.k.t.dao.ProductMapper.findByCidFive    : <==      Total: 5
2020-05-28 00:20:55.194 DEBUG 14604 --- [http-nio-8080-exec-6] c.k.t.dao.ProductMapper.findByCidFive    : ==>  Preparing: select * from Product where cid = ? limit 5 
2020-05-28 00:20:55.194 DEBUG 14604 --- [http-nio-8080-exec-6] c.k.t.dao.ProductMapper.findByCidFive    : ==> Parameters: 83(Integer)
2020-05-28 00:20:55.196 DEBUG 14604 --- [http-nio-8080-exec-6] c.k.t.dao.ProductMapper.findByCidFive    : <==      Total: 5
2020-05-28 00:20:55.196 DEBUG 14604 --- [http-nio-8080-exec-6] c.k.t.dao.ProductMapper.findByCidFive    : ==>  Preparing: select * from Product where cid = ? limit 5 
2020-05-28 00:20:55.197 DEBUG 14604 --- [http-nio-8080-exec-6] c.k.t.dao.ProductMapper.findByCidFive    : ==> Parameters: 92(Integer)
2020-05-28 00:20:55.207 DEBUG 14604 --- [http-nio-8080-exec-6] c.k.t.dao.ProductMapper.findByCidFive    : <==      Total: 1
2020-05-28 00:20:55.207  INFO 14604 --- [http-nio-8080-exec-6] com.kinl.tmall.aspect.LogAspect          : result : ResultVO(code=0, message=成功, data=[CategoryVO [Hash = 1710948359, id=60, name=安全座椅], CategoryVO [Hash = 639150455, id=64, name=太阳镜], CategoryVO [Hash = 1554389002, id=68, name=品牌女装], CategoryVO [Hash = 1273783964, id=69, name=时尚男鞋], CategoryVO [Hash = 1982512350, id=71, name=男士西服], CategoryVO [Hash = 362471549, id=72, name=男士手拿包], CategoryVO [Hash = 2039532684, id=73, name=男表], CategoryVO [Hash = 1373674916, id=74, name=女表], CategoryVO [Hash = 1921976074, id=75, name=空调], CategoryVO [Hash = 819238958, id=76, name=冰箱], CategoryVO [Hash = 1340069396, id=77, name=原汁机], CategoryVO [Hash = 436695030, id=78, name=扫地机器人], CategoryVO [Hash = 280665323, id=79, name=平衡车], CategoryVO [Hash = 79393594, id=80, name=电热水器], CategoryVO [Hash = 895843023, id=81, name=沙发], CategoryVO [Hash = 347921226, id=82, name=马桶], CategoryVO [Hash = 1353011442, id=83, name=平板电视], CategoryVO [Hash = 265866111, id=92, name=洗衣机]])
2020-05-28 00:23:23.257  INFO 14604 --- [http-nio-8080-exec-3] com.kinl.tmall.aspect.LogAspect          : Request : RequestLog{url='http://localhost:8080/home', ip='0:0:0:0:0:0:0:1', classMethod='com.kinl.tmall.controller.web.UserJumpController.home', args=[]}
2020-05-28 00:23:23.258  INFO 14604 --- [http-nio-8080-exec-3] com.kinl.tmall.aspect.LogAspect          : result : fore/home
2020-05-28 00:23:34.850  WARN 14604 --- [http-nio-8080-exec-10] o.a.shiro.authc.AbstractAuthenticator    : Authentication failed for token submission [com.kinl.tmall.configuration.CustomizedToken - 123, rememberMe=false].  Possible unexpected error? (Typical or expected login exceptions should extend from AuthenticationException).

com.kinl.tmall.exception.AllException: 密码不正确
	at com.kinl.tmall.Realm.UserWebShiroRealm.doGetAuthenticationInfo(UserWebShiroRealm.java:34)
	at org.apache.shiro.realm.AuthenticatingRealm.getAuthenticationInfo(AuthenticatingRealm.java:571)
	at org.apache.shiro.authc.pam.ModularRealmAuthenticator.doSingleRealmAuthentication(ModularRealmAuthenticator.java:180)
	at com.kinl.tmall.configuration.CustomizedModularRealmAuthenticator.doAuthenticate(CustomizedModularRealmAuthenticator.java:40)
	at org.apache.shiro.authc.AbstractAuthenticator.authenticate(AbstractAuthenticator.java:198)
	at org.apache.shiro.mgt.AuthenticatingSecurityManager.authenticate(AuthenticatingSecurityManager.java:106)
	at org.apache.shiro.mgt.DefaultSecurityManager.login(DefaultSecurityManager.java:274)
	at org.apache.shiro.subject.support.DelegatingSubject.login(DelegatingSubject.java:260)
	at com.kinl.tmall.controller.LoginController.login(LoginController.java:56)
	at sun.reflect.NativeMethodAccessorImpl.invoke0(Native Method)
	at sun.reflect.NativeMethodAccessorImpl.invoke(NativeMethodAccessorImpl.java:62)
	at sun.reflect.DelegatingMethodAccessorImpl.invoke(DelegatingMethodAccessorImpl.java:43)
	at java.lang.reflect.Method.invoke(Method.java:498)
	at org.springframework.web.method.support.InvocableHandlerMethod.doInvoke(InvocableHandlerMethod.java:190)
	at org.springframework.web.method.support.InvocableHandlerMethod.invokeForRequest(InvocableHandlerMethod.java:138)
	at org.springframework.web.servlet.mvc.method.annotation.ServletInvocableHandlerMethod.invokeAndHandle(ServletInvocableHandlerMethod.java:105)
	at org.springframework.web.servlet.mvc.method.annotation.RequestMappingHandlerAdapter.invokeHandlerMethod(RequestMappingHandlerAdapter.java:879)
	at org.springframework.web.servlet.mvc.method.annotation.RequestMappingHandlerAdapter.handleInternal(RequestMappingHandlerAdapter.java:793)
	at org.springframework.web.servlet.mvc.method.AbstractHandlerMethodAdapter.handle(AbstractHandlerMethodAdapter.java:87)
	at org.springframework.web.servlet.DispatcherServlet.doDispatch(DispatcherServlet.java:1040)
	at org.springframework.web.servlet.DispatcherServlet.doService(DispatcherServlet.java:943)
	at org.springframework.web.servlet.FrameworkServlet.processRequest(FrameworkServlet.java:1006)
	at org.springframework.web.servlet.FrameworkServlet.doPost(FrameworkServlet.java:909)
	at javax.servlet.http.HttpServlet.service(HttpServlet.java:660)
	at org.springframework.web.servlet.FrameworkServlet.service(FrameworkServlet.java:883)
	at javax.servlet.http.HttpServlet.service(HttpServlet.java:741)
	at org.apache.catalina.core.ApplicationFilterChain.internalDoFilter(ApplicationFilterChain.java:231)
	at org.apache.catalina.core.ApplicationFilterChain.doFilter(ApplicationFilterChain.java:166)
	at org.apache.tomcat.websocket.server.WsFilter.doFilter(WsFilter.java:53)
	at org.apache.catalina.core.ApplicationFilterChain.internalDoFilter(ApplicationFilterChain.java:193)
	at org.apache.catalina.core.ApplicationFilterChain.doFilter(ApplicationFilterChain.java:166)
	at org.apache.shiro.web.servlet.ProxiedFilterChain.doFilter(ProxiedFilterChain.java:61)
	at org.apache.shiro.web.servlet.AdviceFilter.executeChain(AdviceFilter.java:108)
	at org.apache.shiro.web.servlet.AdviceFilter.doFilterInternal(AdviceFilter.java:137)
	at org.apache.shiro.web.servlet.OncePerRequestFilter.doFilter(OncePerRequestFilter.java:125)
	at org.apache.shiro.web.servlet.ProxiedFilterChain.doFilter(ProxiedFilterChain.java:66)
	at org.apache.shiro.web.servlet.AbstractShiroFilter.executeChain(AbstractShiroFilter.java:449)
	at org.apache.shiro.web.servlet.AbstractShiroFilter$1.call(AbstractShiroFilter.java:365)
	at org.apache.shiro.subject.support.SubjectCallable.doCall(SubjectCallable.java:90)
	at org.apache.shiro.subject.support.SubjectCallable.call(SubjectCallable.java:83)
	at org.apache.shiro.subject.support.DelegatingSubject.execute(DelegatingSubject.java:387)
	at org.apache.shiro.web.servlet.AbstractShiroFilter.doFilterInternal(AbstractShiroFilter.java:362)
	at org.apache.shiro.web.servlet.OncePerRequestFilter.doFilter(OncePerRequestFilter.java:125)
	at org.apache.catalina.core.ApplicationFilterChain.internalDoFilter(ApplicationFilterChain.java:193)
	at org.apache.catalina.core.ApplicationFilterChain.doFilter(ApplicationFilterChain.java:166)
	at org.springframework.web.filter.FormContentFilter.doFilterInternal(FormContentFilter.java:93)
	at org.springframework.web.filter.OncePerRequestFilter.doFilter(OncePerRequestFilter.java:119)
	at org.apache.catalina.core.ApplicationFilterChain.internalDoFilter(ApplicationFilterChain.java:193)
	at org.apache.catalina.core.ApplicationFilterChain.doFilter(ApplicationFilterChain.java:166)
	at org.springframework.web.filter.CharacterEncodingFilter.doFilterInternal(CharacterEncodingFilter.java:201)
	at org.springframework.web.filter.OncePerRequestFilter.doFilter(OncePerRequestFilter.java:119)
	at org.apache.catalina.core.ApplicationFilterChain.internalDoFilter(ApplicationFilterChain.java:193)
	at org.apache.catalina.core.ApplicationFilterChain.doFilter(ApplicationFilterChain.java:166)
	at org.apache.catalina.core.StandardWrapperValve.invoke(StandardWrapperValve.java:202)
	at org.apache.catalina.core.StandardContextValve.invoke(StandardContextValve.java:96)
	at org.apache.catalina.authenticator.AuthenticatorBase.invoke(AuthenticatorBase.java:541)
	at org.apache.catalina.core.StandardHostValve.invoke(StandardHostValve.java:139)
	at org.apache.catalina.valves.ErrorReportValve.invoke(ErrorReportValve.java:92)
	at org.apache.catalina.core.StandardEngineValve.invoke(StandardEngineValve.java:74)
	at org.apache.catalina.connector.CoyoteAdapter.service(CoyoteAdapter.java:343)
	at org.apache.coyote.http11.Http11Processor.service(Http11Processor.java:373)
	at org.apache.coyote.AbstractProcessorLight.process(AbstractProcessorLight.java:65)
	at org.apache.coyote.AbstractProtocol$ConnectionHandler.process(AbstractProtocol.java:868)
	at org.apache.tomcat.util.net.NioEndpoint$SocketProcessor.doRun(NioEndpoint.java:1594)
	at org.apache.tomcat.util.net.SocketProcessorBase.run(SocketProcessorBase.java:49)
	at java.util.concurrent.ThreadPoolExecutor.runWorker(ThreadPoolExecutor.java:1142)
	at java.util.concurrent.ThreadPoolExecutor$Worker.run(ThreadPoolExecutor.java:617)
	at org.apache.tomcat.util.threads.TaskThread$WrappingRunnable.run(TaskThread.java:61)
	at java.lang.Thread.run(Thread.java:745)

2020-05-28 00:23:36.780  INFO 14604 --- [http-nio-8080-exec-2] com.kinl.tmall.aspect.LogAspect          : Request : RequestLog{url='http://localhost:8080/home', ip='0:0:0:0:0:0:0:1', classMethod='com.kinl.tmall.controller.web.UserJumpController.home', args=[]}
2020-05-28 00:23:36.780  INFO 14604 --- [http-nio-8080-exec-2] com.kinl.tmall.aspect.LogAspect          : result : fore/home
2020-05-28 00:23:36.943  INFO 14604 --- [http-nio-8080-exec-4] com.kinl.tmall.aspect.LogAspect          : Request : RequestLog{url='http://localhost:8080/web/forehome', ip='0:0:0:0:0:0:0:1', classMethod='com.kinl.tmall.controller.web.IndexController.index', args=[]}
2020-05-28 00:24:27.576  WARN 14604 --- [HikariPool-1 housekeeper] com.zaxxer.hikari.pool.HikariPool        : HikariPool-1 - Thread starvation or clock leap detected (housekeeper delta=1m2s468ms509µs300ns).
2020-05-28 00:24:27.593 DEBUG 14604 --- [http-nio-8080-exec-4] c.k.tmall.dao.CategoryMapper.finAllVO    : ==>  Preparing: select * from category 
2020-05-28 00:24:27.594 DEBUG 14604 --- [http-nio-8080-exec-4] c.k.tmall.dao.CategoryMapper.finAllVO    : ==> Parameters: 
2020-05-28 00:24:27.613 DEBUG 14604 --- [http-nio-8080-exec-4] c.k.tmall.dao.CategoryMapper.finAllVO    : <==      Total: 18
2020-05-28 00:24:27.619 DEBUG 14604 --- [http-nio-8080-exec-4] c.k.t.dao.ProductMapper.findByCidFive    : ==>  Preparing: select * from Product where cid = ? limit 5 
2020-05-28 00:24:27.619 DEBUG 14604 --- [http-nio-8080-exec-4] c.k.t.dao.ProductMapper.findByCidFive    : ==> Parameters: 60(Integer)
2020-05-28 00:24:27.623 DEBUG 14604 --- [http-nio-8080-exec-4] c.k.t.dao.ProductMapper.findByCidFive    : <==      Total: 5
2020-05-28 00:24:27.624 DEBUG 14604 --- [http-nio-8080-exec-4] c.k.t.dao.ProductMapper.findByCidFive    : ==>  Preparing: select * from Product where cid = ? limit 5 
2020-05-28 00:24:27.624 DEBUG 14604 --- [http-nio-8080-exec-4] c.k.t.dao.ProductMapper.findByCidFive    : ==> Parameters: 64(Integer)
2020-05-28 00:24:27.628 DEBUG 14604 --- [http-nio-8080-exec-4] c.k.t.dao.ProductMapper.findByCidFive    : <==      Total: 5
2020-05-28 00:24:27.628 DEBUG 14604 --- [http-nio-8080-exec-4] c.k.t.dao.ProductMapper.findByCidFive    : ==>  Preparing: select * from Product where cid = ? limit 5 
2020-05-28 00:24:27.628 DEBUG 14604 --- [http-nio-8080-exec-4] c.k.t.dao.ProductMapper.findByCidFive    : ==> Parameters: 68(Integer)
2020-05-28 00:24:27.630 DEBUG 14604 --- [http-nio-8080-exec-4] c.k.t.dao.ProductMapper.findByCidFive    : <==      Total: 5
2020-05-28 00:24:27.630 DEBUG 14604 --- [http-nio-8080-exec-4] c.k.t.dao.ProductMapper.findByCidFive    : ==>  Preparing: select * from Product where cid = ? limit 5 
2020-05-28 00:24:27.631 DEBUG 14604 --- [http-nio-8080-exec-4] c.k.t.dao.ProductMapper.findByCidFive    : ==> Parameters: 69(Integer)
2020-05-28 00:24:27.633 DEBUG 14604 --- [http-nio-8080-exec-4] c.k.t.dao.ProductMapper.findByCidFive    : <==      Total: 5
2020-05-28 00:24:27.633 DEBUG 14604 --- [http-nio-8080-exec-4] c.k.t.dao.ProductMapper.findByCidFive    : ==>  Preparing: select * from Product where cid = ? limit 5 
2020-05-28 00:24:27.633 DEBUG 14604 --- [http-nio-8080-exec-4] c.k.t.dao.ProductMapper.findByCidFive    : ==> Parameters: 71(Integer)
2020-05-28 00:24:27.638 DEBUG 14604 --- [http-nio-8080-exec-4] c.k.t.dao.ProductMapper.findByCidFive    : <==      Total: 5
2020-05-28 00:24:27.638 DEBUG 14604 --- [http-nio-8080-exec-4] c.k.t.dao.ProductMapper.findByCidFive    : ==>  Preparing: select * from Product where cid = ? limit 5 
2020-05-28 00:24:27.639 DEBUG 14604 --- [http-nio-8080-exec-4] c.k.t.dao.ProductMapper.findByCidFive    : ==> Parameters: 72(Integer)
2020-05-28 00:24:27.644 DEBUG 14604 --- [http-nio-8080-exec-4] c.k.t.dao.ProductMapper.findByCidFive    : <==      Total: 5
2020-05-28 00:24:27.645 DEBUG 14604 --- [http-nio-8080-exec-4] c.k.t.dao.ProductMapper.findByCidFive    : ==>  Preparing: select * from Product where cid = ? limit 5 
2020-05-28 00:24:27.645 DEBUG 14604 --- [http-nio-8080-exec-4] c.k.t.dao.ProductMapper.findByCidFive    : ==> Parameters: 73(Integer)
2020-05-28 00:24:27.647 DEBUG 14604 --- [http-nio-8080-exec-4] c.k.t.dao.ProductMapper.findByCidFive    : <==      Total: 5
2020-05-28 00:24:27.647 DEBUG 14604 --- [http-nio-8080-exec-4] c.k.t.dao.ProductMapper.findByCidFive    : ==>  Preparing: select * from Product where cid = ? limit 5 
2020-05-28 00:24:27.648 DEBUG 14604 --- [http-nio-8080-exec-4] c.k.t.dao.ProductMapper.findByCidFive    : ==> Parameters: 74(Integer)
2020-05-28 00:24:27.649 DEBUG 14604 --- [http-nio-8080-exec-4] c.k.t.dao.ProductMapper.findByCidFive    : <==      Total: 5
2020-05-28 00:24:27.650 DEBUG 14604 --- [http-nio-8080-exec-4] c.k.t.dao.ProductMapper.findByCidFive    : ==>  Preparing: select * from Product where cid = ? limit 5 
2020-05-28 00:24:27.651 DEBUG 14604 --- [http-nio-8080-exec-4] c.k.t.dao.ProductMapper.findByCidFive    : ==> Parameters: 75(Integer)
2020-05-28 00:24:27.653 DEBUG 14604 --- [http-nio-8080-exec-4] c.k.t.dao.ProductMapper.findByCidFive    : <==      Total: 5
2020-05-28 00:24:27.654 DEBUG 14604 --- [http-nio-8080-exec-4] c.k.t.dao.ProductMapper.findByCidFive    : ==>  Preparing: select * from Product where cid = ? limit 5 
2020-05-28 00:24:27.654 DEBUG 14604 --- [http-nio-8080-exec-4] c.k.t.dao.ProductMapper.findByCidFive    : ==> Parameters: 76(Integer)
2020-05-28 00:24:27.656 DEBUG 14604 --- [http-nio-8080-exec-4] c.k.t.dao.ProductMapper.findByCidFive    : <==      Total: 5
2020-05-28 00:24:27.657 DEBUG 14604 --- [http-nio-8080-exec-4] c.k.t.dao.ProductMapper.findByCidFive    : ==>  Preparing: select * from Product where cid = ? limit 5 
2020-05-28 00:24:27.657 DEBUG 14604 --- [http-nio-8080-exec-4] c.k.t.dao.ProductMapper.findByCidFive    : ==> Parameters: 77(Integer)
2020-05-28 00:24:27.660 DEBUG 14604 --- [http-nio-8080-exec-4] c.k.t.dao.ProductMapper.findByCidFive    : <==      Total: 5
2020-05-28 00:24:27.661 DEBUG 14604 --- [http-nio-8080-exec-4] c.k.t.dao.ProductMapper.findByCidFive    : ==>  Preparing: select * from Product where cid = ? limit 5 
2020-05-28 00:24:27.661 DEBUG 14604 --- [http-nio-8080-exec-4] c.k.t.dao.ProductMapper.findByCidFive    : ==> Parameters: 78(Integer)
2020-05-28 00:24:27.663 DEBUG 14604 --- [http-nio-8080-exec-4] c.k.t.dao.ProductMapper.findByCidFive    : <==      Total: 5
2020-05-28 00:24:27.663 DEBUG 14604 --- [http-nio-8080-exec-4] c.k.t.dao.ProductMapper.findByCidFive    : ==>  Preparing: select * from Product where cid = ? limit 5 
2020-05-28 00:24:27.663 DEBUG 14604 --- [http-nio-8080-exec-4] c.k.t.dao.ProductMapper.findByCidFive    : ==> Parameters: 79(Integer)
2020-05-28 00:24:27.665 DEBUG 14604 --- [http-nio-8080-exec-4] c.k.t.dao.ProductMapper.findByCidFive    : <==      Total: 5
2020-05-28 00:24:27.665 DEBUG 14604 --- [http-nio-8080-exec-4] c.k.t.dao.ProductMapper.findByCidFive    : ==>  Preparing: select * from Product where cid = ? limit 5 
2020-05-28 00:24:27.666 DEBUG 14604 --- [http-nio-8080-exec-4] c.k.t.dao.ProductMapper.findByCidFive    : ==> Parameters: 80(Integer)
2020-05-28 00:24:27.669 DEBUG 14604 --- [http-nio-8080-exec-4] c.k.t.dao.ProductMapper.findByCidFive    : <==      Total: 5
2020-05-28 00:24:27.670 DEBUG 14604 --- [http-nio-8080-exec-4] c.k.t.dao.ProductMapper.findByCidFive    : ==>  Preparing: select * from Product where cid = ? limit 5 
2020-05-28 00:24:27.670 DEBUG 14604 --- [http-nio-8080-exec-4] c.k.t.dao.ProductMapper.findByCidFive    : ==> Parameters: 81(Integer)
2020-05-28 00:24:27.672 DEBUG 14604 --- [http-nio-8080-exec-4] c.k.t.dao.ProductMapper.findByCidFive    : <==      Total: 5
2020-05-28 00:24:27.673 DEBUG 14604 --- [http-nio-8080-exec-4] c.k.t.dao.ProductMapper.findByCidFive    : ==>  Preparing: select * from Product where cid = ? limit 5 
2020-05-28 00:24:27.673 DEBUG 14604 --- [http-nio-8080-exec-4] c.k.t.dao.ProductMapper.findByCidFive    : ==> Parameters: 82(Integer)
2020-05-28 00:24:27.675 DEBUG 14604 --- [http-nio-8080-exec-4] c.k.t.dao.ProductMapper.findByCidFive    : <==      Total: 5
2020-05-28 00:24:27.675 DEBUG 14604 --- [http-nio-8080-exec-4] c.k.t.dao.ProductMapper.findByCidFive    : ==>  Preparing: select * from Product where cid = ? limit 5 
2020-05-28 00:24:27.675 DEBUG 14604 --- [http-nio-8080-exec-4] c.k.t.dao.ProductMapper.findByCidFive    : ==> Parameters: 83(Integer)
2020-05-28 00:24:27.677 DEBUG 14604 --- [http-nio-8080-exec-4] c.k.t.dao.ProductMapper.findByCidFive    : <==      Total: 5
2020-05-28 00:24:27.677 DEBUG 14604 --- [http-nio-8080-exec-4] c.k.t.dao.ProductMapper.findByCidFive    : ==>  Preparing: select * from Product where cid = ? limit 5 
2020-05-28 00:24:27.678 DEBUG 14604 --- [http-nio-8080-exec-4] c.k.t.dao.ProductMapper.findByCidFive    : ==> Parameters: 92(Integer)
2020-05-28 00:24:27.679 DEBUG 14604 --- [http-nio-8080-exec-4] c.k.t.dao.ProductMapper.findByCidFive    : <==      Total: 1
2020-05-28 00:24:27.680  INFO 14604 --- [http-nio-8080-exec-4] com.kinl.tmall.aspect.LogAspect          : result : ResultVO(code=0, message=成功, data=[CategoryVO [Hash = 1788080481, id=60, name=安全座椅], CategoryVO [Hash = 41108453, id=64, name=太阳镜], CategoryVO [Hash = 265346163, id=68, name=品牌女装], CategoryVO [Hash = 702058690, id=69, name=时尚男鞋], CategoryVO [Hash = 1555391585, id=71, name=男士西服], CategoryVO [Hash = 1153529977, id=72, name=男士手拿包], CategoryVO [Hash = 1299912662, id=73, name=男表], CategoryVO [Hash = 541638715, id=74, name=女表], CategoryVO [Hash = 1470709311, id=75, name=空调], CategoryVO [Hash = 409241091, id=76, name=冰箱], CategoryVO [Hash = 221575038, id=77, name=原汁机], CategoryVO [Hash = 1796974587, id=78, name=扫地机器人], CategoryVO [Hash = 1969042529, id=79, name=平衡车], CategoryVO [Hash = 1236660311, id=80, name=电热水器], CategoryVO [Hash = 1670406424, id=81, name=沙发], CategoryVO [Hash = 1426208494, id=82, name=马桶], CategoryVO [Hash = 1231089171, id=83, name=平板电视], CategoryVO [Hash = 791779360, id=92, name=洗衣机]])
2020-05-28 00:29:47.482  INFO 14604 --- [SpringContextShutdownHook] o.s.s.concurrent.ThreadPoolTaskExecutor  : Shutting down ExecutorService 'applicationTaskExecutor'
2020-05-28 00:29:47.482  INFO 14604 --- [SpringContextShutdownHook] com.zaxxer.hikari.HikariDataSource       : HikariPool-1 - Shutdown initiated...
2020-05-28 00:29:47.497  INFO 14604 --- [SpringContextShutdownHook] com.zaxxer.hikari.HikariDataSource       : HikariPool-1 - Shutdown completed.
